running install
running bdist_egg
running egg_info
writing QGTC.egg-info/PKG-INFO
writing dependency_links to QGTC.egg-info/dependency_links.txt
writing top-level names to QGTC.egg-info/top_level.txt
reading manifest file 'QGTC.egg-info/SOURCES.txt'
writing manifest file 'QGTC.egg-info/SOURCES.txt'
installing library code to build/bdist.linux-x86_64/egg
running install_lib
running build_ext
building 'QGTC' extension
Emitting ninja build file /home/yuke/sc21_QGTC/QGTC_kernel/build/temp.linux-x86_64-3.7/build.ninja...
Compiling objects...
Allowing ninja to set a default number of workers... (overridable by setting the environment variable MAX_JOBS=N)
ninja: no work to do.
g++ -pthread -shared -B /home/yuke/anaconda3/envs/pytorch/compiler_compat -L/home/yuke/anaconda3/envs/pytorch/lib -Wl,-rpath=/home/yuke/anaconda3/envs/pytorch/lib -Wl,--no-as-needed -Wl,--sysroot=/ /home/yuke/sc21_QGTC/QGTC_kernel/build/temp.linux-x86_64-3.7/QGTC_host.o /home/yuke/sc21_QGTC/QGTC_kernel/build/temp.linux-x86_64-3.7/QGTC_device.o -L/home/yuke/anaconda3/envs/pytorch/lib/python3.7/site-packages/torch/lib -L/usr/local/cuda-11.1/lib64 -lc10 -ltorch -ltorch_cpu -ltorch_python -lcudart -lc10_cuda -ltorch_cuda -o build/lib.linux-x86_64-3.7/QGTC.cpython-37m-x86_64-linux-gnu.so
creating build/bdist.linux-x86_64/egg
copying build/lib.linux-x86_64-3.7/QGTC.cpython-37m-x86_64-linux-gnu.so -> build/bdist.linux-x86_64/egg
creating stub loader for QGTC.cpython-37m-x86_64-linux-gnu.so
byte-compiling build/bdist.linux-x86_64/egg/QGTC.py to QGTC.cpython-37.pyc
creating build/bdist.linux-x86_64/egg/EGG-INFO
copying QGTC.egg-info/PKG-INFO -> build/bdist.linux-x86_64/egg/EGG-INFO
copying QGTC.egg-info/SOURCES.txt -> build/bdist.linux-x86_64/egg/EGG-INFO
copying QGTC.egg-info/dependency_links.txt -> build/bdist.linux-x86_64/egg/EGG-INFO
copying QGTC.egg-info/top_level.txt -> build/bdist.linux-x86_64/egg/EGG-INFO
writing build/bdist.linux-x86_64/egg/EGG-INFO/native_libs.txt
creating 'dist/QGTC-0.0.0-py3.7-linux-x86_64.egg' and adding 'build/bdist.linux-x86_64/egg' to it
removing 'build/bdist.linux-x86_64/egg' (and everything under it)
Processing QGTC-0.0.0-py3.7-linux-x86_64.egg
removing '/home/yuke/anaconda3/envs/pytorch/lib/python3.7/site-packages/QGTC-0.0.0-py3.7-linux-x86_64.egg' (and everything under it)
creating /home/yuke/anaconda3/envs/pytorch/lib/python3.7/site-packages/QGTC-0.0.0-py3.7-linux-x86_64.egg
Extracting QGTC-0.0.0-py3.7-linux-x86_64.egg to /home/yuke/anaconda3/envs/pytorch/lib/python3.7/site-packages
QGTC 0.0.0 is already the active version in easy-install.pth

Installed /home/yuke/anaconda3/envs/pytorch/lib/python3.7/site-packages/QGTC-0.0.0-py3.7-linux-x86_64.egg
Processing dependencies for QGTC==0.0.0
Finished processing dependencies for QGTC==0.0.0
