m:   128 n:    16 k:   128 TFLOPs: 0.004
m:   256 n:    16 k:   256 TFLOPs: 0.012
m:   512 n:    16 k:   512 TFLOPs: 0.048
m:  1024 n:    16 k:  1024 TFLOPs: 0.188
m:  2048 n:    16 k:  2048 TFLOPs: 0.730
m:  4096 n:    16 k:  4096 TFLOPs: 2.639
m:  8192 n:    16 k:  8192 TFLOPs: 7.547
m: 16384 n:    16 k: 16384 TFLOPs: 12.187
m: 32768 n:    16 k: 32768 TFLOPs: 12.359
-------------------------
m:   128 n:    32 k:   128 TFLOPs: 0.006
m:   256 n:    32 k:   256 TFLOPs: 0.024
m:   512 n:    32 k:   512 TFLOPs: 0.095
m:  1024 n:    32 k:  1024 TFLOPs: 0.365
m:  2048 n:    32 k:  2048 TFLOPs: 1.457
m:  4096 n:    32 k:  4096 TFLOPs: 5.210
m:  8192 n:    32 k:  8192 TFLOPs: 11.447
m: 16384 n:    32 k: 16384 TFLOPs: 17.623
m: 32768 n:    32 k: 32768 TFLOPs: 22.238
-------------------------
m:   128 n:    64 k:   128 TFLOPs: 0.014
m:   256 n:    64 k:   256 TFLOPs: 0.048
m:   512 n:    64 k:   512 TFLOPs: 0.186
m:  1024 n:    64 k:  1024 TFLOPs: 0.751
m:  2048 n:    64 k:  2048 TFLOPs: 2.919
m:  4096 n:    64 k:  4096 TFLOPs: 8.502
m:  8192 n:    64 k:  8192 TFLOPs: 15.039
m: 16384 n:    64 k: 16384 TFLOPs: 22.195
m: 32768 n:    64 k: 32768 TFLOPs: 26.431
-------------------------
m:   128 n:   128 k:   128 TFLOPs: 0.027
m:   256 n:   128 k:   256 TFLOPs: 0.094
m:   512 n:   128 k:   512 TFLOPs: 0.382
m:  1024 n:   128 k:  1024 TFLOPs: 1.501
m:  2048 n:   128 k:  2048 TFLOPs: 5.209
m:  4096 n:   128 k:  4096 TFLOPs: 11.992
m:  8192 n:   128 k:  8192 TFLOPs: 19.778
m: 16384 n:   128 k: 16384 TFLOPs: 25.381
m: 32768 n:   128 k: 32768 TFLOPs: 27.681
-------------------------
m:   128 n:   256 k:   128 TFLOPs: 0.055
m:   256 n:   256 k:   256 TFLOPs: 0.191
m:   512 n:   256 k:   512 TFLOPs: 0.750
m:  1024 n:   256 k:  1024 TFLOPs: 2.892
m:  2048 n:   256 k:  2048 TFLOPs: 8.184
m:  4096 n:   256 k:  4096 TFLOPs: 16.274
m:  8192 n:   256 k:  8192 TFLOPs: 23.371
m: 16384 n:   256 k: 16384 TFLOPs: 27.289
m: 32768 n:   256 k: 32768 TFLOPs: 28.468
-------------------------
m:   128 n:   512 k:   128 TFLOPs: 0.091
m:   256 n:   512 k:   256 TFLOPs: 0.345
m:   512 n:   512 k:   512 TFLOPs: 1.429
m:  1024 n:   512 k:  1024 TFLOPs: 4.848
m:  2048 n:   512 k:  2048 TFLOPs: 11.806
m:  4096 n:   512 k:  4096 TFLOPs: 20.043
m:  8192 n:   512 k:  8192 TFLOPs: 25.630
m: 16384 n:   512 k: 16384 TFLOPs: 27.743
m: 32768 n:   512 k: 32768 TFLOPs: 28.548
-------------------------
m:   128 n:  1024 k:   128 TFLOPs: 0.174
m:   256 n:  1024 k:   256 TFLOPs: 0.696
m:   512 n:  1024 k:   512 TFLOPs: 2.642
m:  1024 n:  1024 k:  1024 TFLOPs: 7.653
m:  2048 n:  1024 k:  2048 TFLOPs: 15.601
m:  4096 n:  1024 k:  4096 TFLOPs: 22.850
m:  8192 n:  1024 k:  8192 TFLOPs: 26.463
m: 16384 n:  1024 k: 16384 TFLOPs: 27.906
m: 32768 n:  1024 k: 32768 TFLOPs: 28.573
-------------------------
