m:   128 n:   128 k:    16 TFLOPs: 0.003
m:   256 n:   256 k:    16 TFLOPs: 0.013
m:   512 n:   512 k:    16 TFLOPs: 0.051
m:  1024 n:  1024 k:    16 TFLOPs: 0.129
m:  2048 n:  2048 k:    16 TFLOPs: 0.299
m:  4096 n:  4096 k:    16 TFLOPs: 0.512
m:  8192 n:  8192 k:    16 TFLOPs: 0.539
m: 16384 n: 16384 k:    16 TFLOPs: 0.441
m: 32768 n: 32768 k:    16 TFLOPs: 0.464
-------------------------
m:   128 n:   128 k:    32 TFLOPs: 0.007
m:   256 n:   256 k:    32 TFLOPs: 0.027
m:   512 n:   512 k:    32 TFLOPs: 0.102
m:  1024 n:  1024 k:    32 TFLOPs: 0.261
m:  2048 n:  2048 k:    32 TFLOPs: 0.589
m:  4096 n:  4096 k:    32 TFLOPs: 1.036
m:  8192 n:  8192 k:    32 TFLOPs: 1.105
m: 16384 n: 16384 k:    32 TFLOPs: 0.900
m: 32768 n: 32768 k:    32 TFLOPs: 0.930
-------------------------
m:   128 n:   128 k:    64 TFLOPs: 0.015
m:   256 n:   256 k:    64 TFLOPs: 0.057
m:   512 n:   512 k:    64 TFLOPs: 0.215
m:  1024 n:  1024 k:    64 TFLOPs: 0.530
m:  2048 n:  2048 k:    64 TFLOPs: 1.224
m:  4096 n:  4096 k:    64 TFLOPs: 2.072
m:  8192 n:  8192 k:    64 TFLOPs: 2.207
m: 16384 n: 16384 k:    64 TFLOPs: 1.794
m: 32768 n: 32768 k:    64 TFLOPs: 1.864
-------------------------
m:   128 n:   128 k:   128 TFLOPs: 0.025
m:   256 n:   256 k:   128 TFLOPs: 0.101
m:   512 n:   512 k:   128 TFLOPs: 0.362
m:  1024 n:  1024 k:   128 TFLOPs: 1.118
m:  2048 n:  2048 k:   128 TFLOPs: 2.441
m:  4096 n:  4096 k:   128 TFLOPs: 4.143
m:  8192 n:  8192 k:   128 TFLOPs: 4.423
m: 16384 n: 16384 k:   128 TFLOPs: 3.585
m: 32768 n: 32768 k:   128 TFLOPs: 3.727
-------------------------
m:   128 n:   128 k:   256 TFLOPs: 0.058
m:   256 n:   256 k:   256 TFLOPs: 0.191
m:   512 n:   512 k:   256 TFLOPs: 0.719
m:  1024 n:  1024 k:   256 TFLOPs: 2.265
m:  2048 n:  2048 k:   256 TFLOPs: 4.936
m:  4096 n:  4096 k:   256 TFLOPs: 7.610
m:  8192 n:  8192 k:   256 TFLOPs: 8.062
m: 16384 n: 16384 k:   256 TFLOPs: 6.695
m: 32768 n: 32768 k:   256 TFLOPs: 7.005
-------------------------
m:   128 n:   128 k:   512 TFLOPs: 0.097
m:   256 n:   256 k:   512 TFLOPs: 0.381
m:   512 n:   512 k:   512 TFLOPs: 1.426
m:  1024 n:  1024 k:   512 TFLOPs: 4.513
m:  2048 n:  2048 k:   512 TFLOPs: 9.825
m:  4096 n:  4096 k:   512 TFLOPs: 14.340
m:  8192 n:  8192 k:   512 TFLOPs: 15.203
m: 16384 n: 16384 k:   512 TFLOPs: 12.757
m: 32768 n: 32768 k:   512 TFLOPs: 13.265
-------------------------
m:   128 n:   128 k:  1024 TFLOPs: 0.193
m:   256 n:   256 k:  1024 TFLOPs: 0.761
m:   512 n:   512 k:  1024 TFLOPs: 2.878
m:  1024 n:  1024 k:  1024 TFLOPs: 7.135
m:  2048 n:  2048 k:  1024 TFLOPs: 14.074
m:  4096 n:  4096 k:  1024 TFLOPs: 17.293
m:  8192 n:  8192 k:  1024 TFLOPs: 17.869
m: 16384 n: 16384 k:  1024 TFLOPs: 16.537
m: 32768 n: 32768 k:  1024 TFLOPs: 16.556
-------------------------
